2022-11-22T23:10:16+00:00 CRITICAL Uncaught Error: Call to a member function is_editable_by_current_user() on bool in /var/www/html/wpress/wp-content/plugins/elementor/includes/managers/widgets.php:408
Stack trace:
#0 [internal function]: Elementor\Widgets_Manager->ajax_render_widget()
#1 /var/www/html/wpress/wp-content/plugins/elementor/core/common/modules/ajax/module.php(171): call_user_func()
#2 /var/www/html/wpress/wp-includes/class-wp-hook.php(308): Elementor\Core\Common\Modules\Ajax\Module->handle_ajax_request()
#3 /var/www/html/wpress/wp-includes/class-wp-hook.php(332): WP_Hook->apply_filters()
#4 /var/www/html/wpress/wp-includes/plugin.php(517): WP_Hook->do_action()
#5 /var/www/html/wpress/wp-admin/admin-ajax.php(188): do_action()
#6 {main}
  thrown in /var/www/html/wpress/wp-content/plugins/elementor/includes/managers/widgets.php on line 408

2022-11-22T23:10:18+00:00 CRITICAL Uncaught Error: Call to a member function is_editable_by_current_user() on bool in /var/www/html/wpress/wp-content/plugins/elementor/includes/managers/widgets.php:408
Stack trace:
#0 [internal function]: Elementor\Widgets_Manager->ajax_render_widget()
#1 /var/www/html/wpress/wp-content/plugins/elementor/core/common/modules/ajax/module.php(171): call_user_func()
#2 /var/www/html/wpress/wp-includes/class-wp-hook.php(308): Elementor\Core\Common\Modules\Ajax\Module->handle_ajax_request()
#3 /var/www/html/wpress/wp-includes/class-wp-hook.php(332): WP_Hook->apply_filters()
#4 /var/www/html/wpress/wp-includes/plugin.php(517): WP_Hook->do_action()
#5 /var/www/html/wpress/wp-admin/admin-ajax.php(188): do_action()
#6 {main}
  thrown in /var/www/html/wpress/wp-content/plugins/elementor/includes/managers/widgets.php on line 408

2022-11-22T23:11:36+00:00 CRITICAL Uncaught Error: Call to a member function is_built_with_elementor() on bool in /var/www/html/wpress/wp-content/plugins/elementor/core/documents-manager.php:493
Stack trace:
#0 [internal function]: Elementor\Core\Documents_Manager->ajax_save()
#1 /var/www/html/wpress/wp-content/plugins/elementor/core/common/modules/ajax/module.php(171): call_user_func()
#2 /var/www/html/wpress/wp-includes/class-wp-hook.php(308): Elementor\Core\Common\Modules\Ajax\Module->handle_ajax_request()
#3 /var/www/html/wpress/wp-includes/class-wp-hook.php(332): WP_Hook->apply_filters()
#4 /var/www/html/wpress/wp-includes/plugin.php(517): WP_Hook->do_action()
#5 /var/www/html/wpress/wp-admin/admin-ajax.php(188): do_action()
#6 {main}
  thrown in /var/www/html/wpress/wp-content/plugins/elementor/core/documents-manager.php on line 493

